2013/04/14 12:17:44 [error] [exception.CHttpException.404] exception 'CHttpException' with message 'Unable to resolve the request "views/layout/venta".' in C:\AppServ\www\yii-1.1.13\framework\web\CWebApplication.php:286
Stack trace:
#0 C:\AppServ\www\yii-1.1.13\framework\web\CWebApplication.php(141): CWebApplication->runController('views/layout/ve...')
#1 C:\AppServ\www\yii-1.1.13\framework\base\CApplication.php(169): CWebApplication->processRequest()
#2 C:\AppServ\www\newpage\index.php(13): CApplication->run()
#3 {main}
REQUEST_URI=/newpage/index.php?r=views/layout/venta
HTTP_REFERER=http://localhost/newpage/index.php?r=site/index
---
2013/04/14 12:18:30 [error] [exception.CHttpException.404] exception 'CHttpException' with message 'Unable to resolve the request "views/layout/venta".' in C:\AppServ\www\yii-1.1.13\framework\web\CWebApplication.php:286
Stack trace:
#0 C:\AppServ\www\yii-1.1.13\framework\web\CWebApplication.php(141): CWebApplication->runController('views/layout/ve...')
#1 C:\AppServ\www\yii-1.1.13\framework\base\CApplication.php(169): CWebApplication->processRequest()
#2 C:\AppServ\www\newpage\index.php(13): CApplication->run()
#3 {main}
REQUEST_URI=/newpage/index.php?r=views/layout/venta
HTTP_REFERER=http://localhost/newpage/index.php?r=views/layout/venta
---
2013/04/14 12:18:31 [error] [exception.CHttpException.404] exception 'CHttpException' with message 'Unable to resolve the request "views/venta".' in C:\AppServ\www\yii-1.1.13\framework\web\CWebApplication.php:286
Stack trace:
#0 C:\AppServ\www\yii-1.1.13\framework\web\CWebApplication.php(141): CWebApplication->runController('views/venta')
#1 C:\AppServ\www\yii-1.1.13\framework\base\CApplication.php(169): CWebApplication->processRequest()
#2 C:\AppServ\www\newpage\index.php(13): CApplication->run()
#3 {main}
REQUEST_URI=/newpage/index.php?r=views/venta
HTTP_REFERER=http://localhost/newpage/index.php?r=views/layout/venta
---
2013/04/14 12:18:32 [error] [exception.CHttpException.404] exception 'CHttpException' with message 'Unable to resolve the request "views/venta".' in C:\AppServ\www\yii-1.1.13\framework\web\CWebApplication.php:286
Stack trace:
#0 C:\AppServ\www\yii-1.1.13\framework\web\CWebApplication.php(141): CWebApplication->runController('views/venta')
#1 C:\AppServ\www\yii-1.1.13\framework\base\CApplication.php(169): CWebApplication->processRequest()
#2 C:\AppServ\www\newpage\index.php(13): CApplication->run()
#3 {main}
REQUEST_URI=/newpage/index.php?r=views/venta
HTTP_REFERER=http://localhost/newpage/index.php?r=views/layout/venta
---
2013/04/14 12:18:33 [error] [exception.CHttpException.404] exception 'CHttpException' with message 'Unable to resolve the request "views/venta".' in C:\AppServ\www\yii-1.1.13\framework\web\CWebApplication.php:286
Stack trace:
#0 C:\AppServ\www\yii-1.1.13\framework\web\CWebApplication.php(141): CWebApplication->runController('views/venta')
#1 C:\AppServ\www\yii-1.1.13\framework\base\CApplication.php(169): CWebApplication->processRequest()
#2 C:\AppServ\www\newpage\index.php(13): CApplication->run()
#3 {main}
REQUEST_URI=/newpage/index.php?r=views/venta
HTTP_REFERER=http://localhost/newpage/index.php?r=views/layout/venta
---
2013/04/14 12:18:35 [error] [exception.CHttpException.404] exception 'CHttpException' with message 'Unable to resolve the request "views/venta".' in C:\AppServ\www\yii-1.1.13\framework\web\CWebApplication.php:286
Stack trace:
#0 C:\AppServ\www\yii-1.1.13\framework\web\CWebApplication.php(141): CWebApplication->runController('views/venta')
#1 C:\AppServ\www\yii-1.1.13\framework\base\CApplication.php(169): CWebApplication->processRequest()
#2 C:\AppServ\www\newpage\index.php(13): CApplication->run()
#3 {main}
REQUEST_URI=/newpage/index.php?r=views/venta
HTTP_REFERER=http://localhost/newpage/index.php?r=site/index
---
2013/04/14 12:19:43 [error] [exception.CHttpException.404] exception 'CHttpException' with message 'The system is unable to find the requested action "venta".' in C:\AppServ\www\yii-1.1.13\framework\web\CController.php:483
Stack trace:
#0 C:\AppServ\www\yii-1.1.13\framework\web\CController.php(270): CController->missingAction('venta')
#1 C:\AppServ\www\yii-1.1.13\framework\web\CWebApplication.php(282): CController->run('venta')
#2 C:\AppServ\www\yii-1.1.13\framework\web\CWebApplication.php(141): CWebApplication->runController('site/venta')
#3 C:\AppServ\www\yii-1.1.13\framework\base\CApplication.php(169): CWebApplication->processRequest()
#4 C:\AppServ\www\newpage\index.php(13): CApplication->run()
#5 {main}
REQUEST_URI=/newpage/index.php?r=site/venta
HTTP_REFERER=http://localhost/newpage/index.php?r=site/index
---
2013/04/14 12:20:24 [error] [exception.CHttpException.404] exception 'CHttpException' with message 'The system is unable to find the requested action "venta".' in C:\AppServ\www\yii-1.1.13\framework\web\CController.php:483
Stack trace:
#0 C:\AppServ\www\yii-1.1.13\framework\web\CController.php(270): CController->missingAction('venta')
#1 C:\AppServ\www\yii-1.1.13\framework\web\CWebApplication.php(282): CController->run('venta')
#2 C:\AppServ\www\yii-1.1.13\framework\web\CWebApplication.php(141): CWebApplication->runController('site/venta')
#3 C:\AppServ\www\yii-1.1.13\framework\base\CApplication.php(169): CWebApplication->processRequest()
#4 C:\AppServ\www\newpage\index.php(13): CApplication->run()
#5 {main}
REQUEST_URI=/newpage/index.php?r=site/venta
HTTP_REFERER=http://localhost/newpage/index.php?r=site/index
---
2013/04/14 12:21:04 [error] [exception.CHttpException.404] exception 'CHttpException' with message 'The system is unable to find the requested action "venta".' in C:\AppServ\www\yii-1.1.13\framework\web\CController.php:483
Stack trace:
#0 C:\AppServ\www\yii-1.1.13\framework\web\CController.php(270): CController->missingAction('venta')
#1 C:\AppServ\www\yii-1.1.13\framework\web\CWebApplication.php(282): CController->run('venta')
#2 C:\AppServ\www\yii-1.1.13\framework\web\CWebApplication.php(141): CWebApplication->runController('site/venta')
#3 C:\AppServ\www\yii-1.1.13\framework\base\CApplication.php(169): CWebApplication->processRequest()
#4 C:\AppServ\www\newpage\index.php(13): CApplication->run()
#5 {main}
REQUEST_URI=/newpage/index.php?r=site/venta
HTTP_REFERER=http://localhost/newpage/index.php?r=site/venta
---
2013/04/14 12:21:05 [error] [exception.CHttpException.404] exception 'CHttpException' with message 'The system is unable to find the requested action "venta".' in C:\AppServ\www\yii-1.1.13\framework\web\CController.php:483
Stack trace:
#0 C:\AppServ\www\yii-1.1.13\framework\web\CController.php(270): CController->missingAction('venta')
#1 C:\AppServ\www\yii-1.1.13\framework\web\CWebApplication.php(282): CController->run('venta')
#2 C:\AppServ\www\yii-1.1.13\framework\web\CWebApplication.php(141): CWebApplication->runController('site/venta')
#3 C:\AppServ\www\yii-1.1.13\framework\base\CApplication.php(169): CWebApplication->processRequest()
#4 C:\AppServ\www\newpage\index.php(13): CApplication->run()
#5 {main}
REQUEST_URI=/newpage/index.php?r=site/venta
HTTP_REFERER=http://localhost/newpage/index.php?r=site/index
---
2013/04/14 12:23:36 [error] [exception.CHttpException.404] exception 'CHttpException' with message 'The system is unable to find the requested action "venta".' in C:\AppServ\www\yii-1.1.13\framework\web\CController.php:483
Stack trace:
#0 C:\AppServ\www\yii-1.1.13\framework\web\CController.php(270): CController->missingAction('venta')
#1 C:\AppServ\www\yii-1.1.13\framework\web\CWebApplication.php(282): CController->run('venta')
#2 C:\AppServ\www\yii-1.1.13\framework\web\CWebApplication.php(141): CWebApplication->runController('site/venta')
#3 C:\AppServ\www\yii-1.1.13\framework\base\CApplication.php(169): CWebApplication->processRequest()
#4 C:\AppServ\www\newpage\index.php(13): CApplication->run()
#5 {main}
REQUEST_URI=/newpage/index.php?r=site/venta
HTTP_REFERER=http://localhost/newpage/index.php?r=site/page&view=about
---
2013/04/14 12:32:59 [error] [exception.CHttpException.404] exception 'CHttpException' with message 'Unable to resolve the request "help".' in C:\AppServ\www\yii-1.1.13\framework\web\CWebApplication.php:286
Stack trace:
#0 C:\AppServ\www\yii-1.1.13\framework\web\CWebApplication.php(141): CWebApplication->runController('help')
#1 C:\AppServ\www\yii-1.1.13\framework\base\CApplication.php(169): CWebApplication->processRequest()
#2 C:\AppServ\www\newpage\index.php(13): CApplication->run()
#3 {main}
REQUEST_URI=/newpage/index.php?r=help
---
2013/04/14 12:42:06 [error] [exception.CHttpException.404] exception 'CHttpException' with message 'Unable to resolve the request "help".' in C:\AppServ\www\yii-1.1.13\framework\web\CWebApplication.php:286
Stack trace:
#0 C:\AppServ\www\yii-1.1.13\framework\web\CWebApplication.php(141): CWebApplication->runController('help')
#1 C:\AppServ\www\yii-1.1.13\framework\base\CApplication.php(169): CWebApplication->processRequest()
#2 C:\AppServ\www\newpage\index.php(13): CApplication->run()
#3 {main}
REQUEST_URI=/newpage/index.php?r=help
---
2013/04/14 12:45:23 [error] [exception.CHttpException.404] exception 'CHttpException' with message 'Unable to resolve the request "gii".' in C:\AppServ\www\yii-1.1.13\framework\web\CWebApplication.php:286
Stack trace:
#0 C:\AppServ\www\yii-1.1.13\framework\web\CWebApplication.php(141): CWebApplication->runController('gii')
#1 C:\AppServ\www\yii-1.1.13\framework\base\CApplication.php(169): CWebApplication->processRequest()
#2 C:\AppServ\www\newpage\index.php(13): CApplication->run()
#3 {main}
REQUEST_URI=/newpage/index.php?r=gii
---
2013/04/14 12:55:18 [error] [exception.CHttpException.404] exception 'CHttpException' with message 'Unable to resolve the request "gii".' in C:\AppServ\www\yii-1.1.13\framework\web\CWebApplication.php:286
Stack trace:
#0 C:\AppServ\www\yii-1.1.13\framework\web\CWebApplication.php(141): CWebApplication->runController('gii')
#1 C:\AppServ\www\yii-1.1.13\framework\base\CApplication.php(169): CWebApplication->processRequest()
#2 C:\AppServ\www\newpage\index.php(13): CApplication->run()
#3 {main}
REQUEST_URI=/newpage/index.php?r=gii
---
2013/04/14 12:55:56 [error] [exception.CHttpException.404] exception 'CHttpException' with message 'Unable to resolve the request "gii/admin".' in C:\AppServ\www\yii-1.1.13\framework\web\CWebApplication.php:286
Stack trace:
#0 C:\AppServ\www\yii-1.1.13\framework\web\CWebApplication.php(141): CWebApplication->runController('gii/admin')
#1 C:\AppServ\www\yii-1.1.13\framework\base\CApplication.php(169): CWebApplication->processRequest()
#2 C:\AppServ\www\newpage\index.php(13): CApplication->run()
#3 {main}
REQUEST_URI=/newpage/index.php?r=gii/admin
---
2013/04/14 13:03:33 [error] [exception.CDbException] exception 'CDbException' with message 'CDbConnection failed to open the DB connection: could not find driver' in C:\AppServ\www\yii-1.1.13\framework\db\CDbConnection.php:381
Stack trace:
#0 C:\AppServ\www\yii-1.1.13\framework\db\CDbConnection.php(330): CDbConnection->open()
#1 C:\AppServ\www\yii-1.1.13\framework\db\CDbConnection.php(308): CDbConnection->setActive(true)
#2 C:\AppServ\www\yii-1.1.13\framework\base\CModule.php(387): CDbConnection->init()
#3 C:\AppServ\www\yii-1.1.13\framework\base\CModule.php(103): CModule->getComponent('db')
#4 C:\AppServ\www\yii-1.1.13\framework\gii\generators\model\ModelCode.php(57): CModule->__get('db')
#5 C:\AppServ\www\yii-1.1.13\framework\web\CFormModel.php(39): ModelCode->init()
#6 C:\AppServ\www\yii-1.1.13\framework\gii\CCodeGenerator.php(153): CFormModel->__construct()
#7 C:\AppServ\www\yii-1.1.13\framework\gii\CCodeGenerator.php(63): CCodeGenerator->prepare()
#8 C:\AppServ\www\yii-1.1.13\framework\web\actions\CInlineAction.php(49): CCodeGenerator->actionIndex()
#9 C:\AppServ\www\yii-1.1.13\framework\web\CController.php(308): CInlineAction->runWithParams(Array)
#10 C:\AppServ\www\yii-1.1.13\framework\web\CController.php(286): CController->runAction(Object(CInlineAction))
#11 C:\AppServ\www\yii-1.1.13\framework\web\CController.php(265): CController->runActionWithFilters(Object(CInlineAction), Array)
#12 C:\AppServ\www\yii-1.1.13\framework\web\CWebApplication.php(282): CController->run('')
#13 C:\AppServ\www\yii-1.1.13\framework\web\CWebApplication.php(141): CWebApplication->runController('gii/model')
#14 C:\AppServ\www\yii-1.1.13\framework\base\CApplication.php(169): CWebApplication->processRequest()
#15 C:\AppServ\www\newpage\index.php(13): CApplication->run()
#16 {main}
REQUEST_URI=/newpage/index.php?r=gii/model
HTTP_REFERER=http://localhost/newpage/index.php?r=gii/controller
---
2013/04/14 13:03:45 [error] [exception.CDbException] exception 'CDbException' with message 'CDbConnection failed to open the DB connection: could not find driver' in C:\AppServ\www\yii-1.1.13\framework\db\CDbConnection.php:381
Stack trace:
#0 C:\AppServ\www\yii-1.1.13\framework\db\CDbConnection.php(330): CDbConnection->open()
#1 C:\AppServ\www\yii-1.1.13\framework\db\CDbConnection.php(308): CDbConnection->setActive(true)
#2 C:\AppServ\www\yii-1.1.13\framework\base\CModule.php(387): CDbConnection->init()
#3 C:\AppServ\www\yii-1.1.13\framework\base\CModule.php(103): CModule->getComponent('db')
#4 C:\AppServ\www\yii-1.1.13\framework\gii\generators\model\ModelCode.php(57): CModule->__get('db')
#5 C:\AppServ\www\yii-1.1.13\framework\web\CFormModel.php(39): ModelCode->init()
#6 C:\AppServ\www\yii-1.1.13\framework\gii\CCodeGenerator.php(153): CFormModel->__construct()
#7 C:\AppServ\www\yii-1.1.13\framework\gii\CCodeGenerator.php(63): CCodeGenerator->prepare()
#8 C:\AppServ\www\yii-1.1.13\framework\web\actions\CInlineAction.php(49): CCodeGenerator->actionIndex()
#9 C:\AppServ\www\yii-1.1.13\framework\web\CController.php(308): CInlineAction->runWithParams(Array)
#10 C:\AppServ\www\yii-1.1.13\framework\web\CController.php(286): CController->runAction(Object(CInlineAction))
#11 C:\AppServ\www\yii-1.1.13\framework\web\CController.php(265): CController->runActionWithFilters(Object(CInlineAction), Array)
#12 C:\AppServ\www\yii-1.1.13\framework\web\CWebApplication.php(282): CController->run('')
#13 C:\AppServ\www\yii-1.1.13\framework\web\CWebApplication.php(141): CWebApplication->runController('gii/model')
#14 C:\AppServ\www\yii-1.1.13\framework\base\CApplication.php(169): CWebApplication->processRequest()
#15 C:\AppServ\www\newpage\index.php(13): CApplication->run()
#16 {main}
REQUEST_URI=/newpage/index.php?r=gii/model
HTTP_REFERER=http://localhost/newpage/index.php?r=gii/form
---
2013/04/14 13:04:31 [error] [exception.CDbException] exception 'CDbException' with message 'CDbConnection failed to open the DB connection: could not find driver' in C:\AppServ\www\yii-1.1.13\framework\db\CDbConnection.php:381
Stack trace:
#0 C:\AppServ\www\yii-1.1.13\framework\db\CDbConnection.php(330): CDbConnection->open()
#1 C:\AppServ\www\yii-1.1.13\framework\db\CDbConnection.php(308): CDbConnection->setActive(true)
#2 C:\AppServ\www\yii-1.1.13\framework\base\CModule.php(387): CDbConnection->init()
#3 C:\AppServ\www\yii-1.1.13\framework\base\CModule.php(103): CModule->getComponent('db')
#4 C:\AppServ\www\yii-1.1.13\framework\gii\generators\crud\CrudCode.php(44): CModule->__get('db')
#5 C:\AppServ\www\yii-1.1.13\framework\web\CFormModel.php(39): CrudCode->init()
#6 C:\AppServ\www\yii-1.1.13\framework\gii\CCodeGenerator.php(153): CFormModel->__construct()
#7 C:\AppServ\www\yii-1.1.13\framework\gii\CCodeGenerator.php(63): CCodeGenerator->prepare()
#8 C:\AppServ\www\yii-1.1.13\framework\web\actions\CInlineAction.php(49): CCodeGenerator->actionIndex()
#9 C:\AppServ\www\yii-1.1.13\framework\web\CController.php(308): CInlineAction->runWithParams(Array)
#10 C:\AppServ\www\yii-1.1.13\framework\web\CController.php(286): CController->runAction(Object(CInlineAction))
#11 C:\AppServ\www\yii-1.1.13\framework\web\CController.php(265): CController->runActionWithFilters(Object(CInlineAction), Array)
#12 C:\AppServ\www\yii-1.1.13\framework\web\CWebApplication.php(282): CController->run('')
#13 C:\AppServ\www\yii-1.1.13\framework\web\CWebApplication.php(141): CWebApplication->runController('gii/crud')
#14 C:\AppServ\www\yii-1.1.13\framework\base\CApplication.php(169): CWebApplication->processRequest()
#15 C:\AppServ\www\newpage\index.php(13): CApplication->run()
#16 {main}
REQUEST_URI=/newpage/index.php?r=gii/crud
HTTP_REFERER=http://localhost/newpage/index.php?r=gii/controller
---
